<?xml version="1.0" encoding="UTF-8"?>
<!-- Generated by org.testng.reporters.JUnitReportReporter -->
<testsuite skipped="0" hostname="ITL10G4WT2" name="API.TestAPI" tests="1" failures="0" timestamp="2021-03-18T17:17:50 CAT" time="4.038" errors="0">
  <testcase name="GetTest" time="4.038" classname="API.TestAPI"/>
</testsuite> <!-- API.TestAPI -->
