<?xml version="1.0" encoding="UTF-8"?>
<!-- Generated by org.testng.reporters.JUnitReportReporter -->
<testsuite skipped="0" hostname="ITL10G4WT2" name="API" tests="1" failures="0" timestamp="2021-04-21T17:31:04 CAT" time="24.630" errors="0">
  <testcase name="GetAPI" time="24.630" classname="API"/>
  <system-out/>
</testsuite> <!-- API -->
