<?xml version="1.0" encoding="UTF-8"?>
<!-- Generated by org.testng.reporters.JUnitReportReporter -->
<testsuite skipped="0" hostname="ITL10G4WT2" name="DemoToursModularFunctions" tests="1" failures="0" timestamp="2021-03-18T17:16:09 CAT" time="51.656" errors="0">
  <testcase name="main" time="51.656" classname="DemoToursModularFunctions"/>
</testsuite> <!-- DemoToursModularFunctions -->
