<?xml version="1.0" encoding="UTF-8"?>
<!-- Generated by org.testng.reporters.JUnitReportReporter -->
<testsuite skipped="0" hostname="ITL10G4WT2" name="API.webService" tests="1" failures="0" timestamp="2021-04-15T15:38:08 CAT" time="4.368" errors="0">
  <testcase name="GetWeatherDetails" time="4.368" classname="API.webService"/>
  <system-out/>
</testsuite> <!-- API.webService -->
